<?xml version="1.0" encoding="UTF-8"?>
<!-- Generated by org.testng.reporters.JUnitReportReporter -->
<testsuite hostname="vinu" failures="0" tests="5" name="com.curahealth.Second_Test" time="75.527" errors="0" timestamp="2023-03-04T10:13:52 IST" skipped="0">
  <testcase classname="com.curahealth.Second_Test" name="Navigate_to_login_page" time="72.761"/>
  <system-out/>
  <testcase classname="com.curahealth.Second_Test" name="Verify_text" time="0.085"/>
  <system-out/>
  <testcase classname="com.curahealth.Second_Test" name="verify_username_password" time="1.337"/>
  <system-out/>
  <testcase classname="com.curahealth.Second_Test" name="verify_dashboard_text" time="0.121"/>
  <system-out/>
  <testcase classname="com.curahealth.Second_Test" name="verify_logout_button_func" time="1.223"/>
  <system-out/>
</testsuite> <!-- com.curahealth.Second_Test -->
