<?xml version="1.0" encoding="UTF-8"?>
<!-- Generated by org.testng.reporters.JUnitReportReporter -->
<testsuite hostname="vinu" failures="0" tests="4" name="com.curahealth.First_Test" time="12.399" errors="0" timestamp="2023-03-04T09:28:35 IST" skipped="0">
  <testcase classname="com.curahealth.First_Test" name="openApp" time="11.267"/>
  <system-out/>
  <testcase classname="com.curahealth.First_Test" name="title_verification" time="0.061"/>
  <system-out/>
  <testcase classname="com.curahealth.First_Test" name="footer_text_verification" time="0.038"/>
  <system-out/>
  <testcase classname="com.curahealth.First_Test" name="navigate_to_login_page" time="1.033"/>
  <system-out/>
</testsuite> <!-- com.curahealth.First_Test -->
